<?xml version="1.0" encoding="UTF-8"?>
<!-- Generated by org.testng.reporters.JUnitReportReporter -->
<testsuite hostname="DESKTOP-OFA3VR4" failures="0" tests="1" name="com.tests.LoginTest" time="30.063" errors="0" timestamp="2025-10-22T16:58:13 IST" skipped="0">
  <testcase classname="com.tests.LoginTest" name="testCreateAdminUser" time="30.063"/>
</testsuite> <!-- com.tests.LoginTest -->
